# JRE version: Java(TM) SE Runtime Environment (20.0.1+9) (build 20.0.1+9-29)
# Java VM: Java HotSpot(TM) 64-Bit Server VM (20.0.1+9-29, mixed mode, sharing, tiered, compressed oops, compressed class ptrs, g1 gc, windows-amd64)
GC Precious Log:
 CardTable entry size: 512
 Card Set container configuration: InlinePtr #cards 5 size 8 Array Of Cards #cards 12 size 40 Howl #buckets 4 coarsen threshold 1843 Howl Bitmap #cards 512 size 80 coarsen threshold 460 Card regions per heap region 1 cards per card region 2048
 CPUs: 12 total, 12 available
 Memory: 14181M
 Large Page Support: Disabled
 NUMA Support: Disabled
 Compressed Oops: Enabled (32-bit)
 Heap Region Size: 1M
 Heap Min Capacity: 8M
 Heap Initial Capacity: 222M
 Heap Max Capacity: 2G
 Pre-touch: Disabled
 Parallel Workers: 10
 Concurrent Workers: 3
 Concurrent Refinement Workers: 10
 Periodic GC: Disabled
Heap:
 garbage-first heap   total 331776K, used 194395K [0x0000000080000000, 0x0000000100000000)
  region size 1024K, 1 young (1024K), 1 survivors (1024K)
 Metaspace       used 36010K, committed 36544K, reserved 1114112K
  class space    used 4629K, committed 4864K, reserved 1048576K
GC Heap History (20 events):
Event: 29.700 GC heap after
{Heap after GC invocations=37 (full 9):
 garbage-first heap   total 311296K, used 180382K [0x0000000080000000, 0x0000000100000000)
  region size 1024K, 1 young (1024K), 1 survivors (1024K)
 Metaspace       used 35951K, committed 36416K, reserved 1114112K
  class space    used 4629K, committed 4864K, reserved 1048576K
}
Event: 30.876 GC heap before
{Heap before GC invocations=38 (full 9):
 garbage-first heap   total 314368K, used 309406K [0x0000000080000000, 0x0000000100000000)
  region size 1024K, 74 young (75776K), 1 survivors (1024K)
 Metaspace       used 35990K, committed 36480K, reserved 1114112K
  class space    used 4629K, committed 4864K, reserved 1048576K
}
Event: 30.878 GC heap after
{Heap after GC invocations=39 (full 9):
 garbage-first heap   total 321536K, used 203311K [0x0000000080000000, 0x0000000100000000)
  region size 1024K, 7 young (7168K), 7 survivors (7168K)
 Metaspace       used 35990K, committed 36480K, reserved 1114112K
  class space    used 4629K, committed 4864K, reserved 1048576K
}
Event: 30.882 GC heap before
{Heap before GC invocations=39 (full 9):
 garbage-first heap   total 321536K, used 205359K [0x0000000080000000, 0x0000000100000000)
  region size 1024K, 9 young (9216K), 7 survivors (7168K)
 Metaspace       used 35991K, committed 36480K, reserved 1114112K
  class space    used 4629K, committed 4864K, reserved 1048576K
}
Event: 30.911 GC heap after
{Heap after GC invocations=40 (full 10):
 garbage-first heap   total 331776K, used 194436K [0x0000000080000000, 0x0000000100000000)
  region size 1024K, 0 young (0K), 0 survivors (0K)
 Metaspace       used 35991K, committed 36480K, reserved 1114112K
  class space    used 4629K, committed 4864K, reserved 1048576K
}
Event: 30.911 GC heap before
{Heap before GC invocations=40 (full 10):
 garbage-first heap   total 331776K, used 194436K [0x0000000080000000, 0x0000000100000000)
  region size 1024K, 1 young (1024K), 0 survivors (0K)
 Metaspace       used 35991K, committed 36480K, reserved 1114112K
  class space    used 4629K, committed 4864K, reserved 1048576K
}
Event: 30.935 GC heap after
{Heap after GC invocations=41 (full 11):
 garbage-first heap   total 331776K, used 194428K [0x0000000080000000, 0x0000000100000000)
  region size 1024K, 0 young (0K), 0 survivors (0K)
 Metaspace       used 35991K, committed 36480K, reserved 1114112K
  class space    used 4629K, committed 4864K, reserved 1048576K
}
Event: 30.973 GC heap before
{Heap before GC invocations=41 (full 11):
 garbage-first heap   total 331776K, used 195452K [0x0000000080000000, 0x0000000100000000)
  region size 1024K, 2 young (2048K), 0 survivors (0K)
 Metaspace       used 36001K, committed 36544K, reserved 1114112K
  class space    used 4629K, committed 4864K, reserved 1048576K
}
Event: 31.010 GC heap after
{Heap after GC invocations=42 (full 12):
 garbage-first heap   total 331776K, used 194359K [0x0000000080000000, 0x0000000100000000)
  region size 1024K, 0 young (0K), 0 survivors (0K)
 Metaspace       used 36001K, committed 36544K, reserved 1114112K
  class space    used 4629K, committed 4864K, reserved 1048576K
}
Event: 31.082 GC heap before
{Heap before GC invocations=42 (full 12):
 garbage-first heap   total 331776K, used 195383K [0x0000000080000000, 0x0000000100000000)
  region size 1024K, 2 young (2048K), 0 survivors (0K)
 Metaspace       used 36001K, committed 36544K, reserved 1114112K
  class space    used 4629K, committed 4864K, reserved 1048576K
}
Event: 31.117 GC heap after
{Heap after GC invocations=43 (full 13):
 garbage-first heap   total 331776K, used 194383K [0x0000000080000000, 0x0000000100000000)
  region size 1024K, 0 young (0K), 0 survivors (0K)
 Metaspace       used 36001K, committed 36544K, reserved 1114112K
  class space    used 4629K, committed 4864K, reserved 1048576K
}
Event: 31.118 GC heap before
{Heap before GC invocations=43 (full 13):
 garbage-first heap   total 331776K, used 194383K [0x0000000080000000, 0x0000000100000000)
  region size 1024K, 0 young (0K), 0 survivors (0K)
 Metaspace       used 36001K, committed 36544K, reserved 1114112K
  class space    used 4629K, committed 4864K, reserved 1048576K
}
Event: 31.144 GC heap after
{Heap after GC invocations=44 (full 14):
 garbage-first heap   total 331776K, used 194383K [0x0000000080000000, 0x0000000100000000)
  region size 1024K, 0 young (0K), 0 survivors (0K)
 Metaspace       used 36001K, committed 36544K, reserved 1114112K
  class space    used 4629K, committed 4864K, reserved 1048576K
}
Event: 31.183 GC heap before
{Heap before GC invocations=44 (full 14):
 garbage-first heap   total 331776K, used 194383K [0x0000000080000000, 0x0000000100000000)
  region size 1024K, 1 young (1024K), 0 survivors (0K)
 Metaspace       used 36001K, committed 36544K, reserved 1114112K
  class space    used 4629K, committed 4864K, reserved 1048576K
}
Event: 31.216 GC heap after
{Heap after GC invocations=45 (full 15):
 garbage-first heap   total 331776K, used 194385K [0x0000000080000000, 0x0000000100000000)
  region size 1024K, 0 young (0K), 0 survivors (0K)
 Metaspace       used 36001K, committed 36544K, reserved 1114112K
  class space    used 4629K, committed 4864K, reserved 1048576K
}
Event: 31.217 GC heap before
{Heap before GC invocations=45 (full 15):
 garbage-first heap   total 331776K, used 194385K [0x0000000080000000, 0x0000000100000000)
  region size 1024K, 1 young (1024K), 0 survivors (0K)
 Metaspace       used 36001K, committed 36544K, reserved 1114112K
  class space    used 4629K, committed 4864K, reserved 1048576K
}
Event: 31.252 GC heap after
{Heap after GC invocations=46 (full 16):
 garbage-first heap   total 331776K, used 194385K [0x0000000080000000, 0x0000000100000000)
  region size 1024K, 0 young (0K), 0 survivors (0K)
 Metaspace       used 36001K, committed 36544K, reserved 1114112K
  class space    used 4629K, committed 4864K, reserved 1048576K
}
Event: 31.252 GC heap before
{Heap before GC invocations=46 (full 16):
 garbage-first heap   total 331776K, used 194385K [0x0000000080000000, 0x0000000100000000)
  region size 1024K, 0 young (0K), 0 survivors (0K)
 Metaspace       used 36001K, committed 36544K, reserved 1114112K
  class space    used 4629K, committed 4864K, reserved 1048576K
}
Event: 31.284 GC heap after
{Heap after GC invocations=47 (full 17):
 garbage-first heap   total 331776K, used 194385K [0x0000000080000000, 0x0000000100000000)
  region size 1024K, 0 young (0K), 0 survivors (0K)
 Metaspace       used 36001K, committed 36544K, reserved 1114112K
  class space    used 4629K, committed 4864K, reserved 1048576K
}
Event: 31.329 GC heap before
{Heap before GC invocations=47 (full 17):
 garbage-first heap   total 331776K, used 194385K [0x0000000080000000, 0x0000000100000000)
  region size 1024K, 1 young (1024K), 0 survivors (0K)
 Metaspace       used 36010K, committed 36544K, reserved 1114112K
  class space    used 4629K, committed 4864K, reserved 1048576K
}

