# JRE version: Java(TM) SE Runtime Environment (20.0.1+9) (build 20.0.1+9-29)
# Java VM: Java HotSpot(TM) 64-Bit Server VM (20.0.1+9-29, mixed mode, sharing, tiered, compressed oops, compressed class ptrs, g1 gc, windows-amd64)
GC Precious Log:
 CardTable entry size: 512
 Card Set container configuration: InlinePtr #cards 4 size 8 Array Of Cards #cards 16 size 48 Howl #buckets 8 coarsen threshold 3686 Howl Bitmap #cards 512 size 80 coarsen threshold 460 Card regions per heap region 1 cards per card region 4096
 CPUs: 12 total, 12 available
 Memory: 14181M
 Large Page Support: Disabled
 NUMA Support: Disabled
 Compressed Oops: Enabled (Zero based)
 Heap Region Size: 2M
 Heap Min Capacity: 8M
 Heap Initial Capacity: 222M
 Heap Max Capacity: 3546M
 Pre-touch: Disabled
 Parallel Workers: 10
 Concurrent Workers: 3
 Concurrent Refinement Workers: 10
 Periodic GC: Disabled
Heap:
 garbage-first heap   total 325632K, used 163589K [0x0000000722600000, 0x0000000800000000)
  region size 2048K, 1 young (2048K), 1 survivors (2048K)
 Metaspace       used 35884K, committed 36416K, reserved 1114112K
  class space    used 4619K, committed 4864K, reserved 1048576K
GC Heap History (20 events):
Event: 58.275 GC heap after
{Heap after GC invocations=30 (full 0):
 garbage-first heap   total 301056K, used 162871K [0x0000000722600000, 0x0000000800000000)
  region size 2048K, 1 young (2048K), 1 survivors (2048K)
 Metaspace       used 35704K, committed 36224K, reserved 1114112K
  class space    used 4617K, committed 4864K, reserved 1048576K
}
Event: 59.733 GC heap before
{Heap before GC invocations=31 (full 0):
 garbage-first heap   total 301056K, used 293943K [0x0000000722600000, 0x0000000800000000)
  region size 2048K, 40 young (81920K), 1 survivors (2048K)
 Metaspace       used 35836K, committed 36352K, reserved 1114112K
  class space    used 4617K, committed 4864K, reserved 1048576K
}
Event: 59.737 GC heap after
{Heap after GC invocations=32 (full 0):
 garbage-first heap   total 311296K, used 197750K [0x0000000722600000, 0x0000000800000000)
  region size 2048K, 5 young (10240K), 5 survivors (10240K)
 Metaspace       used 35836K, committed 36352K, reserved 1114112K
  class space    used 4617K, committed 4864K, reserved 1048576K
}
Event: 59.845 GC heap before
{Heap before GC invocations=32 (full 0):
 garbage-first heap   total 311296K, used 203894K [0x0000000722600000, 0x0000000800000000)
  region size 2048K, 10 young (20480K), 5 survivors (10240K)
 Metaspace       used 35843K, committed 36352K, reserved 1114112K
  class space    used 4617K, committed 4864K, reserved 1048576K
}
Event: 59.885 GC heap after
{Heap after GC invocations=33 (full 1):
 garbage-first heap   total 325632K, used 179555K [0x0000000722600000, 0x0000000800000000)
  region size 2048K, 0 young (0K), 0 survivors (0K)
 Metaspace       used 35843K, committed 36352K, reserved 1114112K
  class space    used 4617K, committed 4864K, reserved 1048576K
}
Event: 59.891 GC heap before
{Heap before GC invocations=33 (full 1):
 garbage-first heap   total 325632K, used 183651K [0x0000000722600000, 0x0000000800000000)
  region size 2048K, 3 young (6144K), 0 survivors (0K)
 Metaspace       used 35848K, committed 36352K, reserved 1114112K
  class space    used 4617K, committed 4864K, reserved 1048576K
}
Event: 59.893 GC heap after
{Heap after GC invocations=34 (full 1):
 garbage-first heap   total 325632K, used 182764K [0x0000000722600000, 0x0000000800000000)
  region size 2048K, 2 young (4096K), 2 survivors (4096K)
 Metaspace       used 35848K, committed 36352K, reserved 1114112K
  class space    used 4617K, committed 4864K, reserved 1048576K
}
Event: 60.000 GC heap before
{Heap before GC invocations=35 (full 1):
 garbage-first heap   total 325632K, used 174572K [0x0000000722600000, 0x0000000800000000)
  region size 2048K, 8 young (16384K), 2 survivors (4096K)
 Metaspace       used 35852K, committed 36352K, reserved 1114112K
  class space    used 4617K, committed 4864K, reserved 1048576K
}
Event: 60.036 GC heap after
{Heap after GC invocations=36 (full 2):
 garbage-first heap   total 325632K, used 158477K [0x0000000722600000, 0x0000000800000000)
  region size 2048K, 0 young (0K), 0 survivors (0K)
 Metaspace       used 35852K, committed 36352K, reserved 1114112K
  class space    used 4617K, committed 4864K, reserved 1048576K
}
Event: 60.038 GC heap before
{Heap before GC invocations=36 (full 2):
 garbage-first heap   total 325632K, used 158477K [0x0000000722600000, 0x0000000800000000)
  region size 2048K, 1 young (2048K), 0 survivors (0K)
 Metaspace       used 35852K, committed 36352K, reserved 1114112K
  class space    used 4617K, committed 4864K, reserved 1048576K
}
Event: 60.061 GC heap after
{Heap after GC invocations=37 (full 3):
 garbage-first heap   total 325632K, used 158471K [0x0000000722600000, 0x0000000800000000)
  region size 2048K, 0 young (0K), 0 survivors (0K)
 Metaspace       used 35852K, committed 36352K, reserved 1114112K
  class space    used 4617K, committed 4864K, reserved 1048576K
}
Event: 60.100 GC heap before
{Heap before GC invocations=37 (full 3):
 garbage-first heap   total 325632K, used 162567K [0x0000000722600000, 0x0000000800000000)
  region size 2048K, 4 young (8192K), 0 survivors (0K)
 Metaspace       used 35868K, committed 36352K, reserved 1114112K
  class space    used 4619K, committed 4864K, reserved 1048576K
}
Event: 60.127 GC heap after
{Heap after GC invocations=38 (full 4):
 garbage-first heap   total 325632K, used 163526K [0x0000000722600000, 0x0000000800000000)
  region size 2048K, 0 young (0K), 0 survivors (0K)
 Metaspace       used 35868K, committed 36352K, reserved 1114112K
  class space    used 4619K, committed 4864K, reserved 1048576K
}
Event: 60.127 GC heap before
{Heap before GC invocations=38 (full 4):
 garbage-first heap   total 325632K, used 163526K [0x0000000722600000, 0x0000000800000000)
  region size 2048K, 1 young (2048K), 0 survivors (0K)
 Metaspace       used 35868K, committed 36352K, reserved 1114112K
  class space    used 4619K, committed 4864K, reserved 1048576K
}
Event: 60.150 GC heap after
{Heap after GC invocations=39 (full 5):
 garbage-first heap   total 325632K, used 163526K [0x0000000722600000, 0x0000000800000000)
  region size 2048K, 0 young (0K), 0 survivors (0K)
 Metaspace       used 35868K, committed 36352K, reserved 1114112K
  class space    used 4619K, committed 4864K, reserved 1048576K
}
Event: 60.186 GC heap before
{Heap before GC invocations=39 (full 5):
 garbage-first heap   total 325632K, used 165574K [0x0000000722600000, 0x0000000800000000)
  region size 2048K, 2 young (4096K), 0 survivors (0K)
 Metaspace       used 35878K, committed 36416K, reserved 1114112K
  class space    used 4619K, committed 4864K, reserved 1048576K
}
Event: 60.209 GC heap after
{Heap after GC invocations=40 (full 6):
 garbage-first heap   total 325632K, used 161862K [0x0000000722600000, 0x0000000800000000)
  region size 2048K, 0 young (0K), 0 survivors (0K)
 Metaspace       used 35878K, committed 36416K, reserved 1114112K
  class space    used 4619K, committed 4864K, reserved 1048576K
}
Event: 60.209 GC heap before
{Heap before GC invocations=40 (full 6):
 garbage-first heap   total 325632K, used 161862K [0x0000000722600000, 0x0000000800000000)
  region size 2048K, 1 young (2048K), 0 survivors (0K)
 Metaspace       used 35878K, committed 36416K, reserved 1114112K
  class space    used 4619K, committed 4864K, reserved 1048576K
}
Event: 60.230 GC heap after
{Heap after GC invocations=41 (full 7):
 garbage-first heap   total 325632K, used 161862K [0x0000000722600000, 0x0000000800000000)
  region size 2048K, 0 young (0K), 0 survivors (0K)
 Metaspace       used 35878K, committed 36416K, reserved 1114112K
  class space    used 4619K, committed 4864K, reserved 1048576K
}
Event: 60.276 GC heap before
{Heap before GC invocations=41 (full 7):
 garbage-first heap   total 325632K, used 168006K [0x0000000722600000, 0x0000000800000000)
  region size 2048K, 4 young (8192K), 0 survivors (0K)
 Metaspace       used 35884K, committed 36416K, reserved 1114112K
  class space    used 4619K, committed 4864K, reserved 1048576K
}

